10:57:28.126 INFO  main GatewayStart         : config ../root/conf.yaml !!ibgroup.web.core.clientportal.gw.Config
authDelay: 3000
ccp: false
cors: {origin.allowed: '*', allowCredentials: false}
ip2loc: US
ips:
  allow: [10.*, 192.*, 131.216.*, 127.0.0.1]
  deny: [212.90.324.10]
listenPort: 5000
listenSsl: true
portalBaseURL: ''
proxyRemoteHost: https://api.ibkr.com
proxyRemoteSsl: true
sslCert: vertx.jks
sslPwd: mywebapi
ssoPing: 5
svcEnvironment: v1
tst: false
twsBaseURL: /tws.proxy
webApps:
- {cache: true, index: index.html, listing: false, name: demo, proxy: ''}

10:57:28.239 INFO  vert.x-eventloop-thread-0 GatewayHttpProxy     :  -> mount demo on /demo
10:57:28.252 INFO  vert.x-eventloop-thread-0 GatewayVerticle      : version: a27ed42161ad96c53e715ca5c5e3e3fa4cff5262 Mon, 24 Apr 2023 15:41:53 -0400
10:57:28.252 INFO  vert.x-eventloop-thread-0 GatewayVerticle      : Java Version: 17.0.17
10:57:35.420 INFO  vert.x-eventloop-thread-0 BaseServiceProxy     : -> GET /sso/Login?forwardTo=22&RL=1&ip2loc=US,200|476ms
10:57:35.421 INFO  vert.x-eventloop-thread-0 CookieManager        : set cookies [partnerID=""; Domain=.ibkr.com; Expires=Thu, 01 Jan 1970 00:00:10 GMT; Path=/;Secure;HttpOnly;SameSite=None, partnerID=""; Domain=.ibkr.com; Expires=Thu, 01 Jan 1970 00:00:10 GMT; Path=/;Secure;HttpOnly;SameSite=None, URL_PARAM="forwardTo=22&RL=1&ip2loc=US"; Version=1; Domain=.ibkr.com; Path=/;Secure, JSESSIONID=ED5274B99FE13F3DE5882A9555210D4E.ny5wwwdam3-internet; Path=/sso; HttpOnly;Secure;SameSite=None, x-sess-uuid=0.9c30f6c1.1762945054.2368a4aa; secure; HttpOnly]
10:57:35.430 DEBUG vert.x-eventloop-thread-0 BaseServiceProxy     : Remapping Set-cookies [partnerID=""; Domain=.ibkr.com; Expires=Thu, 01 Jan 1970 00:00:10 GMT; Path=/;Secure;HttpOnly;SameSite=None, partnerID=""; Domain=.ibkr.com; Expires=Thu, 01 Jan 1970 00:00:10 GMT; Path=/;Secure;HttpOnly;SameSite=None, URL_PARAM="forwardTo=22&RL=1&ip2loc=US"; Version=1; Domain=.ibkr.com; Path=/;Secure, JSESSIONID=ED5274B99FE13F3DE5882A9555210D4E.ny5wwwdam3-internet; Path=/sso; HttpOnly;Secure;SameSite=None, x-sess-uuid=0.9c30f6c1.1762945054.2368a4aa; secure; HttpOnly] -> 
10:57:35.543 INFO  vert.x-eventloop-thread-0 BaseServiceProxy     : -> GET /css/bootstrap-5.2.2/bootstrap.min.css,200|86ms
10:57:35.626 INFO  vert.x-eventloop-thread-0 BaseServiceProxy     : -> GET /css/ibkr/theme-ibkr-portal.min.css,200|139ms
10:57:35.628 INFO  vert.x-eventloop-thread-0 BaseServiceProxy     : -> GET /css/fontawesome-6.4.2/all.min.css,200|167ms
10:57:35.631 INFO  vert.x-eventloop-thread-0 BaseServiceProxy     : -> GET /css/bootstrap-switch-3.3.2/bootstrap-switch.min.css,200|147ms
10:57:35.659 INFO  vert.x-eventloop-thread-0 BaseServiceProxy     : -> GET /css/reg-am/login.min.css,200|174ms
10:57:35.730 INFO  vert.x-eventloop-thread-0 BaseServiceProxy     : -> GET /scripts/common/js/jquery-3.7.0/jquery.min.js,200|241ms
10:57:35.753 INFO  vert.x-eventloop-thread-0 BaseServiceProxy     : -> GET /sso/lib/xyz.bundle.min.js,200|119ms
10:57:35.753 INFO  vert.x-eventloop-thread-0 CookieManager        : set cookies [x-sess-uuid=0.8c30f6c1.1762945055.2666fe8e; secure; HttpOnly]
10:57:35.753 DEBUG vert.x-eventloop-thread-0 BaseServiceProxy     : Remapping Set-cookies [x-sess-uuid=0.8c30f6c1.1762945055.2666fe8e; secure; HttpOnly] -> 
10:57:35.837 INFO  vert.x-eventloop-thread-0 BaseServiceProxy     : -> GET /scripts/common/js/bootstrap-5.2.2/bootstrap.bundle.min.js,200|249ms
10:57:36.102 INFO  vert.x-eventloop-thread-0 BaseServiceProxy     : -> GET /images/common/logos/ibkr/interactive-brokers.svg,200|28ms
10:57:36.137 INFO  vert.x-eventloop-thread-0 BaseServiceProxy     : -> GET /fonts/proxima-nova/Proxima-Nova-Regular.woff2,200|43ms
10:57:36.142 INFO  vert.x-eventloop-thread-0 BaseServiceProxy     : -> GET /fonts/fontawesome-6.4.2/webfonts/fa-solid-900.woff2,200|46ms
10:57:36.150 INFO  vert.x-eventloop-thread-0 BaseServiceProxy     : -> GET /fonts/proxima-nova/Proxima-Nova-Semibold.woff2,200|53ms
10:57:36.157 INFO  vert.x-eventloop-thread-0 BaseServiceProxy     : -> GET /fonts/fontawesome-6.4.2/webfonts/fa-brands-400.woff2,200|58ms
10:57:36.196 INFO  vert.x-eventloop-thread-0 BaseServiceProxy     : -> GET /portal.proxy/v1/gstat/bulletins,204|71ms
10:57:36.240 INFO  vert.x-eventloop-thread-0 BaseServiceProxy     : -> GET /images/web/favicons/home-screen-icon-128x128.png,200|54ms
10:57:36.343 INFO  vert.x-eventloop-thread-0 BaseServiceProxy     : -> GET /sso/report,200|219ms
10:57:36.343 INFO  vert.x-eventloop-thread-0 CookieManager        : set cookies [x-sess-uuid=0.9c30f6c1.1762945056.2368a7d0; secure; HttpOnly]
10:57:36.344 DEBUG vert.x-eventloop-thread-0 BaseServiceProxy     : Remapping Set-cookies [x-sess-uuid=0.9c30f6c1.1762945056.2368a7d0; secure; HttpOnly] -> 
10:57:37.830 INFO  vert.x-eventloop-thread-0 BaseServiceProxy     : -> GET /images/common/logos/ibkr/interactive-brokers-inverse.svg,200|34ms
10:57:40.010 INFO  vert.x-eventloop-thread-0 BaseServiceProxy     : -> GET /sso/Authenticator,200|447ms
10:57:40.010 INFO  vert.x-eventloop-thread-0 CookieManager        : set cookies [x-sess-uuid=0.9c30f6c1.1762945059.2368a7ec; secure; HttpOnly]
10:57:40.011 DEBUG vert.x-eventloop-thread-0 BaseServiceProxy     : Remapping Set-cookies [x-sess-uuid=0.9c30f6c1.1762945059.2368a7ec; secure; HttpOnly] -> 
10:57:40.529 INFO  vert.x-eventloop-thread-0 BaseServiceProxy     : -> GET /sso/Authenticator,200|480ms
10:57:40.530 INFO  vert.x-eventloop-thread-0 CookieManager        : set cookies [web=311544119; Domain=.ibkr.com; Expires=Thu, 12 Nov 2026 10:57:40 GMT; Path=/; Secure;Secure;SameSite=None, x-sess-uuid=0.9c30f6c1.1762945060.2368a807; secure; HttpOnly]
10:57:40.530 DEBUG vert.x-eventloop-thread-0 BaseServiceProxy     : Remapping Set-cookies [web=311544119; Domain=.ibkr.com; Expires=Thu, 12 Nov 2026 10:57:40 GMT; Path=/; Secure;Secure;SameSite=None, x-sess-uuid=0.9c30f6c1.1762945060.2368a807; secure; HttpOnly] -> 
10:57:41.236 INFO  vert.x-eventloop-thread-0 BaseServiceProxy     : -> GET /sso/Dispatcher,302|660ms
10:57:41.237 INFO  vert.x-eventloop-thread-0 CookieManager        : set cookies [USERID=49432819; Domain=.ibkr.com; Path=/;Secure;SameSite=None, x-sess-uuid=0.9c30f6c1.1762945060.2368a826; secure; HttpOnly]
10:57:41.238 DEBUG vert.x-eventloop-thread-0 BaseServiceProxy     : Remapping Set-cookies [USERID=49432819; Domain=.ibkr.com; Path=/;Secure;SameSite=None, x-sess-uuid=0.9c30f6c1.1762945060.2368a826; secure; HttpOnly] -> 
10:57:41.240 INFO  vert.x-eventloop-thread-0 GatewayHttpProxy     : Client login succeeds
10:57:41.431 INFO  vert.x-eventloop-thread-0 BaseServiceProxy     : -> GET /v1/api/sso/validate?gw=1,200|189ms
10:57:41.438 DEBUG vert.x-eventloop-thread-0 ClientPortalService  : portal validate response: {"PAPER_USER_NAME":"dave17216","IS_PENDING_APPLICANT":false,"SF_ENABLED":false,"HARDWARE_INFO":"","UNIQUE_LOGIN_ID":"49432819-1762945060219","AUTH_TIME":1762945060261,"SF_CONFIG":"","USER_NAME":"dave17216","CREDENTIAL_TYPE":0,"IS_FREE_TRIAL":false,"LOGIN_TYPE":2,"LANDING_APP":"PORTAL","CREDENTIAL":"dave17216","ANOMALOUS_LOGIN":false,"RESULT":true,"IP":"193.5.232.5","USER_ID":49432819,"EXPIRES":1762945061417,"TOKEN":"48008d624d8b26d3d3ef31669e3930eff4aacdc1","took":122,"IS_MASTER":false,"features":{"env":"PROD","wlms":true,"realtime":true,"bond":true,"optionChains":true,"calendar":true,"newMf":true},"region":"EU"}
10:57:41.569 INFO  vert.x-eventloop-thread-0 GatewayHttpProxy     : authenticated to cp
10:57:41.570 DEBUG vert.x-eventloop-thread-0 BaseServiceProxy     : cancel timer SsoService 0
10:57:41.570 DEBUG vert.x-eventloop-thread-0 BaseServiceProxy     : start timer 300000 SsoService
10:57:41.573 DEBUG vert.x-eventloop-thread-0 BaseServiceProxy     : forward event ON_SSO_VALIDATION, payload 49432819
10:57:41.976 INFO  vert.x-eventloop-thread-0 BaseServiceProxy     : -> GET /v1/api/one/user,200|406ms
10:57:41.977 INFO  vert.x-eventloop-thread-0 ClientPortalService  : get user reply {"username":"dave17216","features":{"env":"PROD","wlms":true,"realtime":true,"bond":true,"optionChains":true,"calendar":true,"newMf":true},"wbId":"","uar":{"portfolioAnalyst":true,"userInfo":true,"messageCenter":true,"accountDetails":true,"tradingRestrictions":true,"tws":true,"fyi":true,"voting":true,"forum":true,"recentTransactions":true},"props":{"isIBAMClient":false,"ReadOnlySession":null},"accts":{"DU2259313":{"isIBAMClient":false,"clearingStatus":"O","openDate":1589320800000,"isFAClient":false,"isFunded":true,"tradingPermissions":["CFD","CRYPTO","WGR","FUT","FUND","IOPT","WAR","STK","CMDTY","CASH","OPT","BILL","BOND","FOP","SSF"]}},"hasBrokerageAccessInd":true,"hfcipEligibleInd":false,"fa":false,"has2fa":false,"islite":false,"ispaper":true,"applicants":[{"id":5876833,"type":"INDIVIDUAL","businessType":"INDEPENDENT","nlcode":"de","legalCountry":{"name":"Switzerland","alpha3":"CHE"}}]}
10:57:43.388 INFO  vert.x-eventloop-thread-0 SsoService           : sso init status=200, url=https://api.ibkr.com/v1/api/ssodh/init
10:57:43.467 DEBUG vert.x-eventloop-thread-0 SsoService           : K 68a05f881213255d3ed119119d1bc07994c429e2
10:57:43.468 DEBUG vert.x-eventloop-thread-0 BaseServiceProxy     : forward event ON_SSODH_COMPLETED, payload none
10:57:43.468 DEBUG vert.x-eventloop-thread-0 GatewayHttpProxy     : delaying authentication for 3000
10:57:43.472 INFO  vert.x-eventloop-thread-0 TstTokenUtils        : Current MAC address : 46-AC-C0-DB-9A-A9
10:57:43.474 DEBUG vert.x-eventloop-thread-0 SsoService           : tst token generated: 11e05c4bd517b8b3118d0ce343c8d3009c4919c4
10:57:44.002 INFO  vert.x-eventloop-thread-0 SsoService           : publish tst token status=200, url=https://api.ibkr.com/sso/Authenticator?ACTION=PUBLISH_TST&RESP_TYPE=JSON&DEVICE_ID=3b0efebc|46-AC-C0-DB-9A-A9
10:57:44.709 INFO  vert.x-eventloop-thread-0 BaseServiceProxy     : -> GET /v1/api/iserver/auth/status,200|70ms
10:57:46.766 INFO  vert.x-eventloop-thread-0 BaseServiceProxy     : -> GET /v1/api/iserver/auth/status,200|294ms
10:57:46.767 DEBUG vert.x-eventloop-thread-0 ClientPortalService  : status {"authenticated":false,"competing":false,"connected":false,"MAC":"5C:BA:2C:60:27:50"}
10:57:46.768 INFO  vert.x-eventloop-thread-0 ClientPortalService  : process auth status {"authenticated":false,"competing":false,"connected":false,"MAC":"5C:BA:2C:60:27:50"}
10:57:46.811 DEBUG vert.x-eventloop-thread-0 ClientPortalService  : auth brokerage, k=68a05f881213255d3ed119119d1bc07994c429e2, post={"username":"dave17216","machineId":"2b5c375e","compete":true}
10:57:49.224 INFO  vert.x-eventloop-thread-0 BaseServiceProxy     : -> POST https://api.ibkr.com/v1/api/iserver/auth/ssodh/init,200|2412ms
10:57:49.227 DEBUG vert.x-eventloop-thread-0 ClientPortalService  : iserver init : {"passed":true,"authenticated":true,"connected":true,"competing":false,"hardware_info":"271b3323|5C:BA:2C:60:27:50"}
10:57:49.228 INFO  vert.x-eventloop-thread-0 ClientPortalService  : process auth status {"passed":true,"authenticated":true,"connected":true,"competing":false,"hardware_info":"271b3323|5C:BA:2C:60:27:50"}
10:57:49.230 DEBUG vert.x-eventloop-thread-0 BaseServiceProxy     : start timer 30000 ClientPortalService
10:57:49.279 INFO  vert.x-eventloop-thread-0 BaseServiceProxy     : -> GET /v1/api/iserver/accounts,200|49ms
10:57:49.280 DEBUG vert.x-eventloop-thread-0 ClientPortalService  : iserver accounts {}
10:58:04.271 INFO  vert.x-eventloop-thread-0 BaseServiceProxy     : -> GET /v1/api/iserver/auth/status,200|98ms
10:58:06.734 INFO  vert.x-eventloop-thread-0 BaseServiceProxy     : -> GET /v1/api/iserver/auth/status,200|366ms
10:58:08.884 INFO  vert.x-eventloop-thread-0 BaseServiceProxy     : -> GET /v1/api/iserver/auth/status,200|128ms
10:58:11.035 INFO  vert.x-eventloop-thread-0 BaseServiceProxy     : -> GET /v1/api/iserver/auth/status,200|136ms
10:58:13.177 INFO  vert.x-eventloop-thread-0 BaseServiceProxy     : -> GET /v1/api/iserver/auth/status,200|127ms
10:58:15.331 INFO  vert.x-eventloop-thread-0 BaseServiceProxy     : -> GET /v1/api/iserver/auth/status,200|143ms
10:58:17.940 INFO  vert.x-eventloop-thread-0 BaseServiceProxy     : -> GET /v1/api/iserver/auth/status,200|597ms
10:58:19.324 INFO  vert.x-eventloop-thread-0 BaseServiceProxy     : -> GET /v1/api/tickle,200|92ms
10:58:19.325 DEBUG vert.x-eventloop-thread-0 ClientPortalService  : tickle {"session":"b25bbef40535f5f0d828c006c2b9b9d1","ssoExpires":562137,"collission":false,"userId":49432819,"hmds":{"error":"no bridge"},"iserver":{"authStatus":{"authenticated":true,"competing":false,"connected":true,"message":"","MAC":"5C:BA:2C:60:27:50","serverInfo":{"serverName":"JifZ02014","serverVersion":"Build 10.40.1c, Oct 23, 2025 4:00:29 PM"},"hardware_info":"271b3323|5C:BA:2C:60:27:50"}}}
10:58:20.250 INFO  vert.x-eventloop-thread-0 BaseServiceProxy     : -> GET /v1/api/iserver/auth/status,200|302ms
10:58:22.305 INFO  vert.x-eventloop-thread-0 BaseServiceProxy     : -> GET /v1/api/iserver/auth/status,200|51ms
10:58:24.551 INFO  vert.x-eventloop-thread-0 BaseServiceProxy     : -> GET /v1/api/iserver/auth/status,200|230ms
10:58:26.905 INFO  vert.x-eventloop-thread-0 BaseServiceProxy     : -> GET /v1/api/iserver/auth/status,200|343ms
10:58:29.160 INFO  vert.x-eventloop-thread-0 BaseServiceProxy     : -> GET /v1/api/iserver/auth/status,200|241ms
10:58:31.310 INFO  vert.x-eventloop-thread-0 BaseServiceProxy     : -> GET /v1/api/iserver/auth/status,200|137ms
10:58:33.461 INFO  vert.x-eventloop-thread-0 BaseServiceProxy     : -> GET /v1/api/iserver/auth/status,200|137ms
10:58:35.610 INFO  vert.x-eventloop-thread-0 BaseServiceProxy     : -> GET /v1/api/iserver/auth/status,200|132ms
10:58:37.761 INFO  vert.x-eventloop-thread-0 BaseServiceProxy     : -> GET /v1/api/iserver/auth/status,200|147ms
10:58:40.219 INFO  vert.x-eventloop-thread-0 BaseServiceProxy     : -> GET /v1/api/iserver/auth/status,200|451ms
10:58:42.377 INFO  vert.x-eventloop-thread-0 BaseServiceProxy     : -> GET /v1/api/iserver/auth/status,200|151ms
10:58:44.446 INFO  vert.x-eventloop-thread-0 BaseServiceProxy     : -> GET /v1/api/iserver/auth/status,200|56ms
10:58:46.670 INFO  vert.x-eventloop-thread-0 BaseServiceProxy     : -> GET /v1/api/iserver/auth/status,200|211ms
10:58:48.820 INFO  vert.x-eventloop-thread-0 BaseServiceProxy     : -> GET /v1/api/iserver/auth/status,200|142ms
10:58:49.435 INFO  vert.x-eventloop-thread-0 BaseServiceProxy     : -> GET /v1/api/tickle,200|204ms
10:58:49.436 DEBUG vert.x-eventloop-thread-0 ClientPortalService  : tickle {"session":"b25bbef40535f5f0d828c006c2b9b9d1","ssoExpires":532130,"collission":false,"userId":49432819,"hmds":{"error":"no bridge"},"iserver":{"authStatus":{"authenticated":true,"competing":false,"connected":true,"message":"","MAC":"5C:BA:2C:60:27:50","serverInfo":{"serverName":"JifZ02014","serverVersion":"Build 10.40.1c, Oct 23, 2025 4:00:29 PM"},"hardware_info":"271b3323|5C:BA:2C:60:27:50"}}}
10:58:50.891 INFO  vert.x-eventloop-thread-0 BaseServiceProxy     : -> GET /v1/api/iserver/auth/status,200|59ms
10:58:53.121 INFO  vert.x-eventloop-thread-0 BaseServiceProxy     : -> GET /v1/api/iserver/auth/status,200|222ms
10:58:55.277 INFO  vert.x-eventloop-thread-0 BaseServiceProxy     : -> GET /v1/api/iserver/auth/status,200|149ms
10:58:57.354 INFO  vert.x-eventloop-thread-0 BaseServiceProxy     : -> GET /v1/api/iserver/auth/status,200|67ms
10:58:59.572 INFO  vert.x-eventloop-thread-0 BaseServiceProxy     : -> GET /v1/api/iserver/auth/status,200|207ms
10:59:01.723 INFO  vert.x-eventloop-thread-0 BaseServiceProxy     : -> GET /v1/api/iserver/auth/status,200|140ms
10:59:03.873 INFO  vert.x-eventloop-thread-0 BaseServiceProxy     : -> GET /v1/api/iserver/auth/status,200|142ms
10:59:06.023 INFO  vert.x-eventloop-thread-0 BaseServiceProxy     : -> GET /v1/api/iserver/auth/status,200|138ms
10:59:08.182 INFO  vert.x-eventloop-thread-0 BaseServiceProxy     : -> GET /v1/api/iserver/auth/status,200|145ms
10:59:10.249 INFO  vert.x-eventloop-thread-0 BaseServiceProxy     : -> GET /v1/api/iserver/auth/status,200|55ms
10:59:12.475 INFO  vert.x-eventloop-thread-0 BaseServiceProxy     : -> GET /v1/api/iserver/auth/status,200|215ms
10:59:14.543 INFO  vert.x-eventloop-thread-0 BaseServiceProxy     : -> GET /v1/api/iserver/auth/status,200|57ms
10:59:16.593 INFO  vert.x-eventloop-thread-0 BaseServiceProxy     : -> GET /v1/api/iserver/auth/status,200|41ms
10:59:18.927 INFO  vert.x-eventloop-thread-0 BaseServiceProxy     : -> GET /v1/api/iserver/auth/status,200|327ms
10:59:19.305 INFO  vert.x-eventloop-thread-0 BaseServiceProxy     : -> GET /v1/api/tickle,200|74ms
10:59:19.306 DEBUG vert.x-eventloop-thread-0 ClientPortalService  : tickle {"session":"b25bbef40535f5f0d828c006c2b9b9d1","ssoExpires":502134,"collission":false,"userId":49432819,"hmds":{"error":"no bridge"},"iserver":{"authStatus":{"authenticated":true,"competing":false,"connected":true,"message":"","MAC":"5C:BA:2C:60:27:50","serverInfo":{"serverName":"JifZ02014","serverVersion":"Build 10.40.1c, Oct 23, 2025 4:00:29 PM"},"hardware_info":"271b3323|5C:BA:2C:60:27:50"}}}
10:59:21.003 INFO  vert.x-eventloop-thread-0 BaseServiceProxy     : -> GET /v1/api/iserver/auth/status,200|64ms
10:59:23.087 INFO  vert.x-eventloop-thread-0 BaseServiceProxy     : -> GET /v1/api/iserver/auth/status,200|69ms
10:59:25.162 INFO  vert.x-eventloop-thread-0 BaseServiceProxy     : -> GET /v1/api/iserver/auth/status,200|61ms
10:59:27.528 INFO  vert.x-eventloop-thread-0 BaseServiceProxy     : -> GET /v1/api/iserver/auth/status,200|362ms
10:59:29.611 INFO  vert.x-eventloop-thread-0 BaseServiceProxy     : -> GET /v1/api/iserver/auth/status,200|72ms
