-> GET /sso/Login?forwardTo=22&RL=1&ip2loc=US
<- 200 GET /sso/Login?forwardTo=22&RL=1&ip2loc=US
-> GET /css/bootstrap-5.2.2/bootstrap.min.css
-> GET /css/fontawesome-6.4.2/all.min.css
-> GET /css/bootstrap-switch-3.3.2/bootstrap-switch.min.css
-> GET /css/reg-am/login.min.css
-> GET /css/ibkr/theme-ibkr-portal.min.css
-> GET /scripts/common/js/jquery-3.7.0/jquery.min.js
<- 200 GET /css/bootstrap-5.2.2/bootstrap.min.css
<- 200 GET /css/fontawesome-6.4.2/all.min.css
<- 200 GET /css/reg-am/login.min.css
-> GET /scripts/common/js/bootstrap-5.2.2/bootstrap.bundle.min.js
<- 200 GET /css/bootstrap-switch-3.3.2/bootstrap-switch.min.css
<- 200 GET /css/ibkr/theme-ibkr-portal.min.css
-> GET /sso/lib/xyz.bundle.min.js
<- 200 GET /scripts/common/js/jquery-3.7.0/jquery.min.js
<- 200 GET /scripts/common/js/bootstrap-5.2.2/bootstrap.bundle.min.js
<- 200 GET /sso/lib/xyz.bundle.min.js
-> GET /images/common/logos/ibkr/interactive-brokers.svg
-> GET /fonts/proxima-nova/Proxima-Nova-Regular.woff2
-> GET /fonts/fontawesome-6.4.2/webfonts/fa-solid-900.woff2
-> GET /fonts/proxima-nova/Proxima-Nova-Semibold.woff2
-> GET /fonts/fontawesome-6.4.2/webfonts/fa-brands-400.woff2
-> POST /sso/report
<- 200 GET /fonts/fontawesome-6.4.2/webfonts/fa-solid-900.woff2
<- 200 GET /fonts/proxima-nova/Proxima-Nova-Regular.woff2
-> POST /portal.proxy/v1/gstat/bulletins
<- 200 GET /fonts/fontawesome-6.4.2/webfonts/fa-brands-400.woff2
<- 200 GET /images/common/logos/ibkr/interactive-brokers.svg
<- 200 GET /fonts/proxima-nova/Proxima-Nova-Semibold.woff2
-> GET /images/web/favicons/home-screen-icon-128x128.png
<- 200 POST /portal.proxy/v1/gstat/bulletins
-> GET /fonts/proxima-nova/proximanova-extrabold.woff2
<- 200 GET /images/web/favicons/home-screen-icon-128x128.png
<- 200 GET /fonts/proxima-nova/proximanova-extrabold.woff2
<- 200 POST /sso/report
-> GET /images/common/logos/ibkr/interactive-brokers-inverse.svg
<- 200 GET /images/common/logos/ibkr/interactive-brokers-inverse.svg
-> POST /sso/Authenticator
<- 200 POST /sso/Authenticator
-> POST /sso/Authenticator
<- 200 POST /sso/Authenticator
-> POST /sso/Dispatcher
<- 302 POST /sso/Dispatcher
-> request: /v1/api/sso/validate?gw=1
-> GET /v1/api/sso/validate?gw=1,200|201ms
-> request: /v1/api/one/user
-> request: /v1/api/ssodh/init
-> sso GET https://api.ibkr.com/v1/api/ssodh/init
-> GET /v1/api/one/user,200|482ms
-> request: /v1/api/ssodh/st
-> sso GET https://api.ibkr.com/v1/api/ssodh/st
-> request: /sso/Authenticator?ACTION=PUBLISH_TST&RESP_TYPE=JSON&DEVICE_ID=2f60c3f5|82-6D-B5-9B-C5-64
-> sso GET https://api.ibkr.com/sso/Authenticator?ACTION=PUBLISH_TST&RESP_TYPE=JSON&DEVICE_ID=2f60c3f5|82-6D-B5-9B-C5-64
<- 200 GET https://api.ibkr.com/sso/Authenticator?ACTION=PUBLISH_TST&RESP_TYPE=JSON&DEVICE_ID=2f60c3f5|82-6D-B5-9B-C5-64 0
-> GET /v1/api/iserver/auth/status
<- 200 GET /v1/api/iserver/auth/status
-> request: /v1/api/iserver/auth/status
-> GET /v1/api/iserver/auth/status,200|372ms
-> request: /v1/api/iserver/auth/ssodh/init
-> POST https://api.ibkr.com/v1/api/iserver/auth/ssodh/init,200|2110ms
-> request: /v1/api/iserver/accounts
-> GET /v1/api/iserver/accounts,200|63ms
-> GET /v1/api/iserver/auth/status
<- 200 GET /v1/api/iserver/auth/status
-> GET /v1/api/tickle
<- 200 GET /v1/api/tickle
-> GET /v1/api/trsrv/futures?symbols=CL
<- 200 GET /v1/api/trsrv/futures?symbols=CL
-> GET /v1/api/trsrv/futures?symbols=NG
<- 200 GET /v1/api/trsrv/futures?symbols=NG
-> GET /v1/api/iserver/auth/status
<- 200 GET /v1/api/iserver/auth/status
-> request: /v1/api/tickle
-> GET /v1/api/tickle,200|56ms
-> GET /v1/api/iserver/auth/status
<- 200 GET /v1/api/iserver/auth/status
-> GET /v1/api/iserver/auth/status
<- 200 GET /v1/api/iserver/auth/status
-> GET /v1/api/iserver/auth/status
<- 200 GET /v1/api/iserver/auth/status
-> GET /v1/api/iserver/auth/status
<- 200 GET /v1/api/iserver/auth/status
-> GET /v1/api/iserver/auth/status
<- 200 GET /v1/api/iserver/auth/status
-> request: /v1/api/tickle
-> GET /v1/api/tickle,200|56ms
-> GET /v1/api/iserver/auth/status
<- 200 GET /v1/api/iserver/auth/status
-> GET /v1/api/iserver/auth/status
<- 200 GET /v1/api/iserver/auth/status
-> GET /sso/Login?forwardTo=22&RL=1&ip2loc=US
<- 200 GET /sso/Login?forwardTo=22&RL=1&ip2loc=US
-> GET /css/bootstrap-5.2.2/bootstrap.min.css
-> GET /css/fontawesome-6.4.2/all.min.css
-> GET /css/bootstrap-switch-3.3.2/bootstrap-switch.min.css
-> GET /css/ibkr/theme-ibkr-portal.min.css
-> GET /scripts/common/js/jquery-3.7.0/jquery.min.js
-> GET /css/reg-am/login.min.css
<- 200 GET /css/bootstrap-5.2.2/bootstrap.min.css
-> GET /scripts/common/js/bootstrap-5.2.2/bootstrap.bundle.min.js
<- 200 GET /scripts/common/js/jquery-3.7.0/jquery.min.js
<- 200 GET /css/bootstrap-switch-3.3.2/bootstrap-switch.min.css
-> GET /sso/lib/xyz.bundle.min.js
<- 200 GET /css/ibkr/theme-ibkr-portal.min.css
<- 200 GET /css/fontawesome-6.4.2/all.min.css
<- 200 GET /scripts/common/js/bootstrap-5.2.2/bootstrap.bundle.min.js
<- 200 GET /css/reg-am/login.min.css
<- 200 GET /sso/lib/xyz.bundle.min.js
-> GET /images/common/logos/ibkr/interactive-brokers.svg
-> GET /fonts/proxima-nova/Proxima-Nova-Regular.woff2
-> GET /fonts/fontawesome-6.4.2/webfonts/fa-solid-900.woff2
-> GET /fonts/fontawesome-6.4.2/webfonts/fa-brands-400.woff2
-> GET /fonts/proxima-nova/Proxima-Nova-Semibold.woff2
<- 200 GET /images/common/logos/ibkr/interactive-brokers.svg
-> POST /sso/report
-> POST /portal.proxy/v1/gstat/bulletins
<- 200 GET /fonts/proxima-nova/Proxima-Nova-Regular.woff2
<- 200 GET /fonts/fontawesome-6.4.2/webfonts/fa-solid-900.woff2
<- 200 GET /fonts/fontawesome-6.4.2/webfonts/fa-brands-400.woff2
<- 200 GET /fonts/proxima-nova/Proxima-Nova-Semibold.woff2
-> GET /images/web/favicons/home-screen-icon-128x128.png
<- 200 POST /portal.proxy/v1/gstat/bulletins
-> GET /fonts/proxima-nova/proximanova-extrabold.woff2
<- 200 GET /images/web/favicons/home-screen-icon-128x128.png
<- 200 GET /fonts/proxima-nova/proximanova-extrabold.woff2
<- 200 POST /sso/report
-> GET /images/common/logos/ibkr/interactive-brokers-inverse.svg
<- 200 GET /images/common/logos/ibkr/interactive-brokers-inverse.svg
-> POST /sso/Authenticator
<- 200 POST /sso/Authenticator
-> POST /sso/Authenticator
<- 200 POST /sso/Authenticator
-> POST /sso/Dispatcher
<- 302 POST /sso/Dispatcher
-> request: /v1/api/sso/validate?gw=1
-> GET /v1/api/sso/validate?gw=1,200|203ms
-> request: /v1/api/one/user
-> request: /v1/api/ssodh/init
-> sso GET https://api.ibkr.com/v1/api/ssodh/init
-> GET /v1/api/one/user,200|82ms
-> request: /v1/api/ssodh/st
-> sso GET https://api.ibkr.com/v1/api/ssodh/st
-> request: /sso/Authenticator?ACTION=PUBLISH_TST&RESP_TYPE=JSON&DEVICE_ID=2bb96549|82-6D-B5-9B-C5-64
-> sso GET https://api.ibkr.com/sso/Authenticator?ACTION=PUBLISH_TST&RESP_TYPE=JSON&DEVICE_ID=2bb96549|82-6D-B5-9B-C5-64
<- 200 GET https://api.ibkr.com/sso/Authenticator?ACTION=PUBLISH_TST&RESP_TYPE=JSON&DEVICE_ID=2bb96549|82-6D-B5-9B-C5-64 0
-> GET /v1/api/iserver/auth/status
<- 200 GET /v1/api/iserver/auth/status
-> request: /v1/api/iserver/auth/status
-> GET /v1/api/iserver/auth/status,200|310ms
-> request: /v1/api/iserver/accounts
-> GET /v1/api/iserver/accounts,200|95ms
-> request: /v1/api/tickle
-> GET /v1/api/tickle,200|349ms
-> GET /v1/api/tickle
<- 200 GET /v1/api/tickle
-> GET /v1/api/trsrv/futures?symbols=CL
<- 200 GET /v1/api/trsrv/futures?symbols=CL
-> GET /v1/api/trsrv/futures?symbols=NG
<- 200 GET /v1/api/trsrv/futures?symbols=NG
-> GET /v1/api/iserver/auth/status
<- 200 GET /v1/api/iserver/auth/status
-> GET /v1/api/iserver/auth/status
<- 200 GET /v1/api/iserver/auth/status
-> GET /v1/api/iserver/auth/status
<- 200 GET /v1/api/iserver/auth/status
-> GET /v1/api/iserver/auth/status
<- 200 GET /v1/api/iserver/auth/status
-> request: /v1/api/tickle
-> GET /v1/api/tickle,200|62ms
-> request: /v1/api/tickle
-> GET /v1/api/tickle,200|274ms
-> request: /v1/api/tickle
-> GET /v1/api/tickle,200|66ms
-> GET /sso/Login?forwardTo=22&RL=1&ip2loc=US
<- 200 GET /sso/Login?forwardTo=22&RL=1&ip2loc=US
-> GET /css/bootstrap-5.2.2/bootstrap.min.css
-> GET /css/fontawesome-6.4.2/all.min.css
-> GET /css/bootstrap-switch-3.3.2/bootstrap-switch.min.css
-> GET /css/reg-am/login.min.css
-> GET /css/ibkr/theme-ibkr-portal.min.css
-> GET /scripts/common/js/jquery-3.7.0/jquery.min.js
<- 200 GET /css/bootstrap-5.2.2/bootstrap.min.css
<- 200 GET /css/ibkr/theme-ibkr-portal.min.css
<- 200 GET /css/bootstrap-switch-3.3.2/bootstrap-switch.min.css
-> GET /scripts/common/js/bootstrap-5.2.2/bootstrap.bundle.min.js
-> GET /sso/lib/xyz.bundle.min.js
<- 200 GET /css/reg-am/login.min.css
<- 200 GET /scripts/common/js/bootstrap-5.2.2/bootstrap.bundle.min.js
<- 200 GET /sso/lib/xyz.bundle.min.js
<- 200 GET /scripts/common/js/jquery-3.7.0/jquery.min.js
<- 200 GET /css/fontawesome-6.4.2/all.min.css
-> GET /images/common/logos/ibkr/interactive-brokers.svg
-> GET /fonts/proxima-nova/Proxima-Nova-Regular.woff2
-> GET /fonts/proxima-nova/Proxima-Nova-Semibold.woff2
-> GET /fonts/fontawesome-6.4.2/webfonts/fa-brands-400.woff2
-> GET /fonts/fontawesome-6.4.2/webfonts/fa-solid-900.woff2
<- 200 GET /images/common/logos/ibkr/interactive-brokers.svg
-> POST /sso/report
-> POST /portal.proxy/v1/gstat/bulletins
<- 200 GET /fonts/proxima-nova/Proxima-Nova-Semibold.woff2
<- 200 GET /fonts/fontawesome-6.4.2/webfonts/fa-brands-400.woff2
<- 200 GET /fonts/fontawesome-6.4.2/webfonts/fa-solid-900.woff2
<- 200 GET /fonts/proxima-nova/Proxima-Nova-Regular.woff2
-> GET /images/web/favicons/home-screen-icon-128x128.png
<- 200 GET /images/web/favicons/home-screen-icon-128x128.png
<- 200 POST /portal.proxy/v1/gstat/bulletins
-> GET /fonts/proxima-nova/proximanova-extrabold.woff2
<- 200 GET /fonts/proxima-nova/proximanova-extrabold.woff2
<- 200 POST /sso/report
-> GET /images/common/logos/ibkr/interactive-brokers-inverse.svg
<- 200 GET /images/common/logos/ibkr/interactive-brokers-inverse.svg
-> POST /sso/Authenticator
<- 200 POST /sso/Authenticator
-> POST /sso/Authenticator
<- 200 POST /sso/Authenticator
-> POST /sso/Dispatcher
<- 302 POST /sso/Dispatcher
-> request: /v1/api/sso/validate?gw=1
-> GET /v1/api/sso/validate?gw=1,200|208ms
-> request: /v1/api/one/user
-> request: /v1/api/ssodh/init
-> sso GET https://api.ibkr.com/v1/api/ssodh/init
-> GET /v1/api/one/user,200|79ms
-> request: /v1/api/ssodh/st
-> sso GET https://api.ibkr.com/v1/api/ssodh/st
-> request: /sso/Authenticator?ACTION=PUBLISH_TST&RESP_TYPE=JSON&DEVICE_ID=093ce507|82-6D-B5-9B-C5-64
-> sso GET https://api.ibkr.com/sso/Authenticator?ACTION=PUBLISH_TST&RESP_TYPE=JSON&DEVICE_ID=093ce507|82-6D-B5-9B-C5-64
<- 200 GET https://api.ibkr.com/sso/Authenticator?ACTION=PUBLISH_TST&RESP_TYPE=JSON&DEVICE_ID=093ce507|82-6D-B5-9B-C5-64 0
-> GET /v1/api/iserver/auth/status
<- 200 GET /v1/api/iserver/auth/status
-> request: /v1/api/iserver/auth/status
-> GET /v1/api/iserver/auth/status,200|295ms
-> request: /v1/api/iserver/accounts
-> GET /v1/api/iserver/accounts,200|56ms
-> GET /v1/api/tickle
<- 200 GET /v1/api/tickle
-> GET /v1/api/trsrv/futures?symbols=CL
<- 200 GET /v1/api/trsrv/futures?symbols=CL
-> GET /v1/api/trsrv/futures?symbols=NG
<- 200 GET /v1/api/trsrv/futures?symbols=NG
-> GET /sso/Login?forwardTo=22&RL=1&ip2loc=US
<- 200 GET /sso/Login?forwardTo=22&RL=1&ip2loc=US
-> GET /css/bootstrap-5.2.2/bootstrap.min.css
-> GET /css/fontawesome-6.4.2/all.min.css
-> GET /css/bootstrap-switch-3.3.2/bootstrap-switch.min.css
-> GET /css/reg-am/login.min.css
-> GET /css/ibkr/theme-ibkr-portal.min.css
-> GET /scripts/common/js/jquery-3.7.0/jquery.min.js
<- 200 GET /css/bootstrap-5.2.2/bootstrap.min.css
<- 200 GET /css/bootstrap-switch-3.3.2/bootstrap-switch.min.css
-> GET /scripts/common/js/bootstrap-5.2.2/bootstrap.bundle.min.js
-> GET /sso/lib/xyz.bundle.min.js
<- 200 GET /css/reg-am/login.min.css
<- 200 GET /css/ibkr/theme-ibkr-portal.min.css
<- 200 GET /scripts/common/js/jquery-3.7.0/jquery.min.js
<- 200 GET /css/fontawesome-6.4.2/all.min.css
<- 200 GET /scripts/common/js/bootstrap-5.2.2/bootstrap.bundle.min.js
<- 200 GET /sso/lib/xyz.bundle.min.js
-> GET /images/common/logos/ibkr/interactive-brokers.svg
-> GET /fonts/proxima-nova/Proxima-Nova-Regular.woff2
-> GET /fonts/fontawesome-6.4.2/webfonts/fa-solid-900.woff2
-> GET /fonts/fontawesome-6.4.2/webfonts/fa-brands-400.woff2
-> GET /fonts/proxima-nova/Proxima-Nova-Semibold.woff2
<- 200 GET /images/common/logos/ibkr/interactive-brokers.svg
<- 200 GET /fonts/proxima-nova/Proxima-Nova-Regular.woff2
<- 200 GET /fonts/fontawesome-6.4.2/webfonts/fa-solid-900.woff2
-> POST /sso/report
-> POST /portal.proxy/v1/gstat/bulletins
<- 200 GET /fonts/fontawesome-6.4.2/webfonts/fa-brands-400.woff2
<- 200 GET /fonts/proxima-nova/Proxima-Nova-Semibold.woff2
<- 200 POST /sso/report
-> GET /images/web/favicons/home-screen-icon-128x128.png
<- 200 POST /portal.proxy/v1/gstat/bulletins
<- 200 GET /images/web/favicons/home-screen-icon-128x128.png
-> GET /fonts/proxima-nova/proximanova-extrabold.woff2
<- 200 GET /fonts/proxima-nova/proximanova-extrabold.woff2
-> GET /images/common/logos/ibkr/interactive-brokers-inverse.svg
<- 200 GET /images/common/logos/ibkr/interactive-brokers-inverse.svg
-> POST /sso/Authenticator
<- 200 POST /sso/Authenticator
-> POST /sso/Authenticator
<- 200 POST /sso/Authenticator
-> POST /sso/Dispatcher
<- 302 POST /sso/Dispatcher
-> request: /v1/api/sso/validate?gw=1
-> GET /v1/api/sso/validate?gw=1,200|195ms
-> request: /v1/api/one/user
-> request: /v1/api/ssodh/init
-> sso GET https://api.ibkr.com/v1/api/ssodh/init
-> GET /v1/api/one/user,200|56ms
-> request: /v1/api/ssodh/st
-> sso GET https://api.ibkr.com/v1/api/ssodh/st
-> request: /sso/Authenticator?ACTION=PUBLISH_TST&RESP_TYPE=JSON&DEVICE_ID=3282ce9a|82-6D-B5-9B-C5-64
-> sso GET https://api.ibkr.com/sso/Authenticator?ACTION=PUBLISH_TST&RESP_TYPE=JSON&DEVICE_ID=3282ce9a|82-6D-B5-9B-C5-64
<- 200 GET https://api.ibkr.com/sso/Authenticator?ACTION=PUBLISH_TST&RESP_TYPE=JSON&DEVICE_ID=3282ce9a|82-6D-B5-9B-C5-64 0
-> GET /v1/api/iserver/auth/status
<- 200 GET /v1/api/iserver/auth/status
-> request: /v1/api/iserver/auth/status
-> GET /v1/api/iserver/auth/status,200|296ms
-> request: /v1/api/iserver/accounts
-> GET /v1/api/iserver/accounts,200|68ms
-> GET /v1/api/tickle
<- 200 GET /v1/api/tickle
-> GET /v1/api/trsrv/futures?symbols=CL
<- 200 GET /v1/api/trsrv/futures?symbols=CL
-> GET /v1/api/trsrv/futures?symbols=NG
<- 200 GET /v1/api/trsrv/futures?symbols=NG
-> GET /v1/api/iserver/auth/status
<- 200 GET /v1/api/iserver/auth/status
-> GET /sso/Login?forwardTo=22&RL=1&ip2loc=US
<- 200 GET /sso/Login?forwardTo=22&RL=1&ip2loc=US
-> GET /css/bootstrap-5.2.2/bootstrap.min.css
-> GET /css/fontawesome-6.4.2/all.min.css
-> GET /css/bootstrap-switch-3.3.2/bootstrap-switch.min.css
-> GET /css/reg-am/login.min.css
-> GET /css/ibkr/theme-ibkr-portal.min.css
-> GET /scripts/common/js/jquery-3.7.0/jquery.min.js
<- 200 GET /css/bootstrap-5.2.2/bootstrap.min.css
<- 200 GET /css/bootstrap-switch-3.3.2/bootstrap-switch.min.css
<- 200 GET /css/ibkr/theme-ibkr-portal.min.css
<- 200 GET /css/fontawesome-6.4.2/all.min.css
-> GET /scripts/common/js/bootstrap-5.2.2/bootstrap.bundle.min.js
-> GET /sso/lib/xyz.bundle.min.js
<- 200 GET /css/reg-am/login.min.css
<- 200 GET /scripts/common/js/jquery-3.7.0/jquery.min.js
<- 200 GET /sso/lib/xyz.bundle.min.js
<- 200 GET /scripts/common/js/bootstrap-5.2.2/bootstrap.bundle.min.js
-> GET /images/common/logos/ibkr/interactive-brokers.svg
-> GET /fonts/proxima-nova/Proxima-Nova-Regular.woff2
-> GET /fonts/fontawesome-6.4.2/webfonts/fa-solid-900.woff2
-> GET /fonts/fontawesome-6.4.2/webfonts/fa-brands-400.woff2
-> GET /fonts/proxima-nova/Proxima-Nova-Semibold.woff2
<- 200 GET /images/common/logos/ibkr/interactive-brokers.svg
-> POST /sso/report
-> POST /portal.proxy/v1/gstat/bulletins
<- 200 GET /fonts/proxima-nova/Proxima-Nova-Regular.woff2
<- 200 GET /fonts/fontawesome-6.4.2/webfonts/fa-brands-400.woff2
<- 200 GET /fonts/proxima-nova/Proxima-Nova-Semibold.woff2
<- 200 GET /fonts/fontawesome-6.4.2/webfonts/fa-solid-900.woff2
-> GET /images/web/favicons/home-screen-icon-128x128.png
<- 200 POST /portal.proxy/v1/gstat/bulletins
<- 200 GET /images/web/favicons/home-screen-icon-128x128.png
-> GET /fonts/proxima-nova/proximanova-extrabold.woff2
<- 200 GET /fonts/proxima-nova/proximanova-extrabold.woff2
<- 200 POST /sso/report
-> GET /images/common/logos/ibkr/interactive-brokers-inverse.svg
<- 200 GET /images/common/logos/ibkr/interactive-brokers-inverse.svg
-> POST /sso/Authenticator
<- 200 POST /sso/Authenticator
-> POST /sso/Authenticator
<- 200 POST /sso/Authenticator
-> POST /sso/Dispatcher
<- 302 POST /sso/Dispatcher
-> request: /v1/api/sso/validate?gw=1
-> GET /v1/api/sso/validate?gw=1,200|309ms
-> request: /v1/api/one/user
-> request: /v1/api/ssodh/init
-> sso GET https://api.ibkr.com/v1/api/ssodh/init
-> GET /v1/api/one/user,200|179ms
-> request: /v1/api/ssodh/st
-> sso GET https://api.ibkr.com/v1/api/ssodh/st
-> request: /sso/Authenticator?ACTION=PUBLISH_TST&RESP_TYPE=JSON&DEVICE_ID=2528dc1f|82-6D-B5-9B-C5-64
-> sso GET https://api.ibkr.com/sso/Authenticator?ACTION=PUBLISH_TST&RESP_TYPE=JSON&DEVICE_ID=2528dc1f|82-6D-B5-9B-C5-64
<- 200 GET https://api.ibkr.com/sso/Authenticator?ACTION=PUBLISH_TST&RESP_TYPE=JSON&DEVICE_ID=2528dc1f|82-6D-B5-9B-C5-64 0
-> GET /v1/api/iserver/auth/status
<- 200 GET /v1/api/iserver/auth/status
-> request: /v1/api/iserver/auth/status
-> GET /v1/api/iserver/auth/status,200|81ms
-> request: /v1/api/iserver/accounts
-> GET /v1/api/iserver/accounts,200|57ms
-> GET /v1/api/tickle
<- 200 GET /v1/api/tickle
-> GET /v1/api/trsrv/futures?symbols=CL
<- 200 GET /v1/api/trsrv/futures?symbols=CL
-> GET /v1/api/trsrv/futures?symbols=NG
<- 200 GET /v1/api/trsrv/futures?symbols=NG
-> GET /v1/api/iserver/auth/status
<- 200 GET /v1/api/iserver/auth/status
-> GET /v1/api/iserver/auth/status
<- 200 GET /v1/api/iserver/auth/status
-> request: /v1/api/tickle
-> GET /v1/api/tickle,200|271ms
-> GET /v1/api/iserver/auth/status
<- 200 GET /v1/api/iserver/auth/status
-> GET /v1/api/iserver/auth/status
<- 200 GET /v1/api/iserver/auth/status
-> GET /sso/Login?forwardTo=22&RL=1&ip2loc=US
<- 200 GET /sso/Login?forwardTo=22&RL=1&ip2loc=US
-> GET /css/bootstrap-5.2.2/bootstrap.min.css
-> GET /css/fontawesome-6.4.2/all.min.css
-> GET /css/bootstrap-switch-3.3.2/bootstrap-switch.min.css
-> GET /css/reg-am/login.min.css
-> GET /css/ibkr/theme-ibkr-portal.min.css
-> GET /scripts/common/js/jquery-3.7.0/jquery.min.js
<- 200 GET /css/bootstrap-5.2.2/bootstrap.min.css
<- 200 GET /css/fontawesome-6.4.2/all.min.css
-> GET /scripts/common/js/bootstrap-5.2.2/bootstrap.bundle.min.js
<- 200 GET /css/ibkr/theme-ibkr-portal.min.css
<- 200 GET /css/bootstrap-switch-3.3.2/bootstrap-switch.min.css
-> GET /sso/lib/xyz.bundle.min.js
<- 200 GET /css/reg-am/login.min.css
<- 200 GET /scripts/common/js/jquery-3.7.0/jquery.min.js
<- 200 GET /scripts/common/js/bootstrap-5.2.2/bootstrap.bundle.min.js
<- 200 GET /sso/lib/xyz.bundle.min.js
-> GET /images/common/logos/ibkr/interactive-brokers.svg
-> GET /fonts/proxima-nova/Proxima-Nova-Regular.woff2
-> GET /fonts/proxima-nova/Proxima-Nova-Semibold.woff2
-> GET /fonts/fontawesome-6.4.2/webfonts/fa-solid-900.woff2
-> GET /fonts/fontawesome-6.4.2/webfonts/fa-brands-400.woff2
<- 200 GET /images/common/logos/ibkr/interactive-brokers.svg
<- 200 GET /fonts/proxima-nova/Proxima-Nova-Regular.woff2
-> POST /sso/report
-> POST /portal.proxy/v1/gstat/bulletins
<- 200 GET /fonts/proxima-nova/Proxima-Nova-Semibold.woff2
<- 200 GET /fonts/fontawesome-6.4.2/webfonts/fa-brands-400.woff2
<- 200 GET /fonts/fontawesome-6.4.2/webfonts/fa-solid-900.woff2
-> GET /images/web/favicons/home-screen-icon-128x128.png
<- 200 GET /images/web/favicons/home-screen-icon-128x128.png
<- 200 POST /portal.proxy/v1/gstat/bulletins
-> GET /fonts/proxima-nova/proximanova-extrabold.woff2
<- 200 GET /fonts/proxima-nova/proximanova-extrabold.woff2
<- 200 POST /sso/report
-> GET /images/common/logos/ibkr/interactive-brokers-inverse.svg
<- 200 GET /images/common/logos/ibkr/interactive-brokers-inverse.svg
-> POST /sso/Authenticator
<- 200 POST /sso/Authenticator
-> POST /sso/Authenticator
<- 200 POST /sso/Authenticator
-> POST /sso/Dispatcher
<- 302 POST /sso/Dispatcher
-> request: /v1/api/sso/validate?gw=1
-> GET /v1/api/sso/validate?gw=1,200|208ms
-> request: /v1/api/one/user
-> request: /v1/api/ssodh/init
-> sso GET https://api.ibkr.com/v1/api/ssodh/init
-> GET /v1/api/one/user,200|62ms
-> request: /v1/api/ssodh/st
-> sso GET https://api.ibkr.com/v1/api/ssodh/st
-> request: /sso/Authenticator?ACTION=PUBLISH_TST&RESP_TYPE=JSON&DEVICE_ID=17ca8310|82-6D-B5-9B-C5-64
-> sso GET https://api.ibkr.com/sso/Authenticator?ACTION=PUBLISH_TST&RESP_TYPE=JSON&DEVICE_ID=17ca8310|82-6D-B5-9B-C5-64
<- 200 GET https://api.ibkr.com/sso/Authenticator?ACTION=PUBLISH_TST&RESP_TYPE=JSON&DEVICE_ID=17ca8310|82-6D-B5-9B-C5-64 0
-> GET /v1/api/iserver/auth/status
<- 200 GET /v1/api/iserver/auth/status
-> request: /v1/api/iserver/auth/status
-> GET /v1/api/iserver/auth/status,200|311ms
-> request: /v1/api/iserver/accounts
-> GET /v1/api/iserver/accounts,200|60ms
-> GET /v1/api/tickle
<- 200 GET /v1/api/tickle
-> GET /v1/api/trsrv/futures?symbols=CL
<- 200 GET /v1/api/trsrv/futures?symbols=CL
-> GET /v1/api/trsrv/futures?symbols=NG
<- 200 GET /v1/api/trsrv/futures?symbols=NG
-> GET /v1/api/iserver/auth/status
<- 200 GET /v1/api/iserver/auth/status
-> GET /sso/Login?forwardTo=22&RL=1&ip2loc=US
<- 200 GET /sso/Login?forwardTo=22&RL=1&ip2loc=US
-> GET /css/bootstrap-5.2.2/bootstrap.min.css
-> GET /css/fontawesome-6.4.2/all.min.css
-> GET /css/bootstrap-switch-3.3.2/bootstrap-switch.min.css
-> GET /css/reg-am/login.min.css
-> GET /css/ibkr/theme-ibkr-portal.min.css
-> GET /scripts/common/js/jquery-3.7.0/jquery.min.js
<- 200 GET /css/bootstrap-5.2.2/bootstrap.min.css
<- 200 GET /css/bootstrap-switch-3.3.2/bootstrap-switch.min.css
<- 200 GET /css/fontawesome-6.4.2/all.min.css
-> GET /scripts/common/js/bootstrap-5.2.2/bootstrap.bundle.min.js
<- 200 GET /css/reg-am/login.min.css
-> GET /sso/lib/xyz.bundle.min.js
<- 200 GET /css/ibkr/theme-ibkr-portal.min.css
<- 200 GET /scripts/common/js/jquery-3.7.0/jquery.min.js
<- 200 GET /sso/lib/xyz.bundle.min.js
<- 200 GET /scripts/common/js/bootstrap-5.2.2/bootstrap.bundle.min.js
-> GET /images/common/logos/ibkr/interactive-brokers.svg
-> GET /fonts/proxima-nova/Proxima-Nova-Regular.woff2
-> GET /fonts/fontawesome-6.4.2/webfonts/fa-solid-900.woff2
<- 200 GET /fonts/proxima-nova/Proxima-Nova-Regular.woff2
-> POST /sso/report
<- 200 GET /images/common/logos/ibkr/interactive-brokers.svg
-> POST /portal.proxy/v1/gstat/bulletins
-> GET /fonts/proxima-nova/Proxima-Nova-Semibold.woff2
<- 200 GET /fonts/fontawesome-6.4.2/webfonts/fa-solid-900.woff2
-> GET /fonts/fontawesome-6.4.2/webfonts/fa-brands-400.woff2
<- 200 GET /fonts/fontawesome-6.4.2/webfonts/fa-brands-400.woff2
<- 200 GET /fonts/proxima-nova/Proxima-Nova-Semibold.woff2
<- 200 POST /portal.proxy/v1/gstat/bulletins
-> GET /fonts/proxima-nova/proximanova-extrabold.woff2
-> GET /images/web/favicons/home-screen-icon-128x128.png
<- 200 GET /fonts/proxima-nova/proximanova-extrabold.woff2
<- 200 GET /images/web/favicons/home-screen-icon-128x128.png
<- 200 POST /sso/report
-> GET /images/common/logos/ibkr/interactive-brokers-inverse.svg
<- 200 GET /images/common/logos/ibkr/interactive-brokers-inverse.svg
-> POST /sso/Authenticator
<- 200 POST /sso/Authenticator
-> POST /sso/Authenticator
<- 200 POST /sso/Authenticator
-> POST /sso/Dispatcher
<- 302 POST /sso/Dispatcher
-> request: /v1/api/sso/validate?gw=1
-> GET /v1/api/sso/validate?gw=1,200|210ms
-> request: /v1/api/one/user
-> request: /v1/api/ssodh/init
-> sso GET https://api.ibkr.com/v1/api/ssodh/init
-> GET /v1/api/one/user,200|68ms
-> request: /v1/api/ssodh/st
-> sso GET https://api.ibkr.com/v1/api/ssodh/st
-> request: /sso/Authenticator?ACTION=PUBLISH_TST&RESP_TYPE=JSON&DEVICE_ID=3de4a62a|82-6D-B5-9B-C5-64
-> sso GET https://api.ibkr.com/sso/Authenticator?ACTION=PUBLISH_TST&RESP_TYPE=JSON&DEVICE_ID=3de4a62a|82-6D-B5-9B-C5-64
<- 200 GET https://api.ibkr.com/sso/Authenticator?ACTION=PUBLISH_TST&RESP_TYPE=JSON&DEVICE_ID=3de4a62a|82-6D-B5-9B-C5-64 0
-> GET /v1/api/iserver/auth/status
<- 200 GET /v1/api/iserver/auth/status
-> request: /v1/api/iserver/auth/status
-> GET /v1/api/iserver/auth/status,200|239ms
-> request: /v1/api/iserver/accounts
-> GET /v1/api/iserver/accounts,200|52ms
-> GET /v1/api/tickle
<- 200 GET /v1/api/tickle
-> GET /v1/api/trsrv/futures?symbols=CL
<- 200 GET /v1/api/trsrv/futures?symbols=CL
-> GET /v1/api/trsrv/futures?symbols=NG
<- 200 GET /v1/api/trsrv/futures?symbols=NG
-> GET /v1/api/iserver/auth/status
<- 200 GET /v1/api/iserver/auth/status
-> GET /sso/Login?forwardTo=22&RL=1&ip2loc=US
<- 200 GET /sso/Login?forwardTo=22&RL=1&ip2loc=US
-> GET /css/bootstrap-5.2.2/bootstrap.min.css
-> GET /css/fontawesome-6.4.2/all.min.css
-> GET /css/bootstrap-switch-3.3.2/bootstrap-switch.min.css
-> GET /css/reg-am/login.min.css
-> GET /css/ibkr/theme-ibkr-portal.min.css
-> GET /scripts/common/js/jquery-3.7.0/jquery.min.js
<- 200 GET /css/bootstrap-5.2.2/bootstrap.min.css
-> GET /scripts/common/js/bootstrap-5.2.2/bootstrap.bundle.min.js
<- 200 GET /css/ibkr/theme-ibkr-portal.min.css
<- 200 GET /css/fontawesome-6.4.2/all.min.css
<- 200 GET /css/reg-am/login.min.css
-> GET /sso/lib/xyz.bundle.min.js
<- 200 GET /scripts/common/js/jquery-3.7.0/jquery.min.js
<- 200 GET /sso/lib/xyz.bundle.min.js
<- 200 GET /css/bootstrap-switch-3.3.2/bootstrap-switch.min.css
<- 200 GET /scripts/common/js/bootstrap-5.2.2/bootstrap.bundle.min.js
-> GET /images/common/logos/ibkr/interactive-brokers.svg
-> GET /fonts/proxima-nova/Proxima-Nova-Regular.woff2
-> GET /fonts/fontawesome-6.4.2/webfonts/fa-brands-400.woff2
-> GET /fonts/fontawesome-6.4.2/webfonts/fa-solid-900.woff2
-> GET /fonts/proxima-nova/Proxima-Nova-Semibold.woff2
<- 200 GET /images/common/logos/ibkr/interactive-brokers.svg
<- 200 GET /fonts/proxima-nova/Proxima-Nova-Regular.woff2
<- 200 GET /fonts/proxima-nova/Proxima-Nova-Semibold.woff2
-> POST /sso/report
-> POST /portal.proxy/v1/gstat/bulletins
<- 200 GET /fonts/fontawesome-6.4.2/webfonts/fa-solid-900.woff2
<- 200 GET /fonts/fontawesome-6.4.2/webfonts/fa-brands-400.woff2
-> GET /images/web/favicons/home-screen-icon-128x128.png
<- 200 POST /portal.proxy/v1/gstat/bulletins
-> GET /fonts/proxima-nova/proximanova-extrabold.woff2
<- 200 GET /images/web/favicons/home-screen-icon-128x128.png
<- 200 GET /fonts/proxima-nova/proximanova-extrabold.woff2
<- 200 POST /sso/report
-> GET /images/common/logos/ibkr/interactive-brokers-inverse.svg
<- 200 GET /images/common/logos/ibkr/interactive-brokers-inverse.svg
-> POST /sso/Authenticator
<- 200 POST /sso/Authenticator
-> POST /sso/Authenticator
<- 200 POST /sso/Authenticator
-> POST /sso/Dispatcher
<- 302 POST /sso/Dispatcher
-> request: /v1/api/sso/validate?gw=1
-> GET /v1/api/sso/validate?gw=1,200|319ms
-> request: /v1/api/one/user
-> request: /v1/api/ssodh/init
-> sso GET https://api.ibkr.com/v1/api/ssodh/init
-> GET /v1/api/one/user,200|168ms
-> request: /v1/api/ssodh/st
-> sso GET https://api.ibkr.com/v1/api/ssodh/st
-> request: /sso/Authenticator?ACTION=PUBLISH_TST&RESP_TYPE=JSON&DEVICE_ID=138ef8fb|82-6D-B5-9B-C5-64
-> sso GET https://api.ibkr.com/sso/Authenticator?ACTION=PUBLISH_TST&RESP_TYPE=JSON&DEVICE_ID=138ef8fb|82-6D-B5-9B-C5-64
<- 200 GET https://api.ibkr.com/sso/Authenticator?ACTION=PUBLISH_TST&RESP_TYPE=JSON&DEVICE_ID=138ef8fb|82-6D-B5-9B-C5-64 0
-> GET /v1/api/iserver/auth/status
<- 200 GET /v1/api/iserver/auth/status
-> request: /v1/api/iserver/auth/status
-> GET /v1/api/iserver/auth/status,200|306ms
-> request: /v1/api/iserver/auth/ssodh/init
-> POST https://api.ibkr.com/v1/api/iserver/auth/ssodh/init,200|2136ms
-> request: /v1/api/iserver/accounts
-> GET /v1/api/iserver/accounts,200|72ms
-> GET /sso/Login?forwardTo=22&RL=1&ip2loc=US
<- 200 GET /sso/Login?forwardTo=22&RL=1&ip2loc=US
-> GET /css/bootstrap-5.2.2/bootstrap.min.css
-> GET /css/fontawesome-6.4.2/all.min.css
-> GET /css/bootstrap-switch-3.3.2/bootstrap-switch.min.css
-> GET /css/reg-am/login.min.css
-> GET /css/ibkr/theme-ibkr-portal.min.css
-> GET /scripts/common/js/jquery-3.7.0/jquery.min.js
<- 200 GET /css/bootstrap-5.2.2/bootstrap.min.css
<- 200 GET /css/fontawesome-6.4.2/all.min.css
<- 200 GET /css/ibkr/theme-ibkr-portal.min.css
<- 200 GET /css/bootstrap-switch-3.3.2/bootstrap-switch.min.css
-> GET /scripts/common/js/bootstrap-5.2.2/bootstrap.bundle.min.js
<- 200 GET /css/reg-am/login.min.css
-> GET /sso/lib/xyz.bundle.min.js
<- 200 GET /scripts/common/js/jquery-3.7.0/jquery.min.js
<- 200 GET /scripts/common/js/bootstrap-5.2.2/bootstrap.bundle.min.js
<- 200 GET /sso/lib/xyz.bundle.min.js
-> GET /images/common/logos/ibkr/interactive-brokers.svg
-> GET /fonts/proxima-nova/Proxima-Nova-Regular.woff2
-> GET /fonts/fontawesome-6.4.2/webfonts/fa-brands-400.woff2
-> GET /fonts/proxima-nova/Proxima-Nova-Semibold.woff2
-> GET /fonts/fontawesome-6.4.2/webfonts/fa-solid-900.woff2
<- 200 GET /images/common/logos/ibkr/interactive-brokers.svg
<- 200 GET /fonts/proxima-nova/Proxima-Nova-Regular.woff2
-> POST /sso/report
-> POST /portal.proxy/v1/gstat/bulletins
<- 200 GET /fonts/fontawesome-6.4.2/webfonts/fa-brands-400.woff2
<- 200 GET /fonts/fontawesome-6.4.2/webfonts/fa-solid-900.woff2
<- 200 GET /fonts/proxima-nova/Proxima-Nova-Semibold.woff2
<- 200 POST /portal.proxy/v1/gstat/bulletins
<- 200 POST /sso/report
-> GET /fonts/proxima-nova/proximanova-extrabold.woff2
<- 200 GET /fonts/proxima-nova/proximanova-extrabold.woff2
-> GET /images/web/favicons/home-screen-icon-128x128.png
<- 200 GET /images/web/favicons/home-screen-icon-128x128.png
-> GET /images/common/logos/ibkr/interactive-brokers-inverse.svg
<- 200 GET /images/common/logos/ibkr/interactive-brokers-inverse.svg
-> POST /sso/Authenticator
<- 200 POST /sso/Authenticator
-> POST /sso/Authenticator
<- 200 POST /sso/Authenticator
-> POST /sso/Dispatcher
<- 302 POST /sso/Dispatcher
-> request: /v1/api/sso/validate?gw=1
-> GET /v1/api/sso/validate?gw=1,200|206ms
-> request: /v1/api/one/user
-> request: /v1/api/ssodh/init
-> sso GET https://api.ibkr.com/v1/api/ssodh/init
-> GET /v1/api/one/user,200|57ms
-> request: /v1/api/ssodh/st
-> sso GET https://api.ibkr.com/v1/api/ssodh/st
-> request: /sso/Authenticator?ACTION=PUBLISH_TST&RESP_TYPE=JSON&DEVICE_ID=1ac1524d|82-6D-B5-9B-C5-64
-> sso GET https://api.ibkr.com/sso/Authenticator?ACTION=PUBLISH_TST&RESP_TYPE=JSON&DEVICE_ID=1ac1524d|82-6D-B5-9B-C5-64
<- 200 GET https://api.ibkr.com/sso/Authenticator?ACTION=PUBLISH_TST&RESP_TYPE=JSON&DEVICE_ID=1ac1524d|82-6D-B5-9B-C5-64 0
-> GET /v1/api/iserver/auth/status
<- 200 GET /v1/api/iserver/auth/status
-> request: /v1/api/iserver/auth/status
-> GET /v1/api/iserver/auth/status,200|572ms
-> request: /v1/api/iserver/accounts
-> GET /v1/api/iserver/accounts,200|74ms
-> GET /v1/api/tickle
<- 200 GET /v1/api/tickle
-> GET /v1/api/trsrv/futures?symbols=CL
<- 200 GET /v1/api/trsrv/futures?symbols=CL
-> GET /v1/api/trsrv/futures?symbols=NG
<- 200 GET /v1/api/trsrv/futures?symbols=NG
-> GET /v1/api/iserver/auth/status
<- 200 GET /v1/api/iserver/auth/status
-> GET /sso/Login?forwardTo=22&RL=1&ip2loc=US
<- 200 GET /sso/Login?forwardTo=22&RL=1&ip2loc=US
-> GET /css/bootstrap-5.2.2/bootstrap.min.css
-> GET /css/fontawesome-6.4.2/all.min.css
-> GET /css/bootstrap-switch-3.3.2/bootstrap-switch.min.css
-> GET /css/reg-am/login.min.css
-> GET /css/ibkr/theme-ibkr-portal.min.css
-> GET /scripts/common/js/jquery-3.7.0/jquery.min.js
<- 200 GET /css/bootstrap-5.2.2/bootstrap.min.css
-> GET /scripts/common/js/bootstrap-5.2.2/bootstrap.bundle.min.js
<- 200 GET /css/fontawesome-6.4.2/all.min.css
<- 200 GET /css/ibkr/theme-ibkr-portal.min.css
<- 200 GET /css/reg-am/login.min.css
<- 200 GET /css/bootstrap-switch-3.3.2/bootstrap-switch.min.css
-> GET /sso/lib/xyz.bundle.min.js
<- 200 GET /scripts/common/js/jquery-3.7.0/jquery.min.js
<- 200 GET /scripts/common/js/bootstrap-5.2.2/bootstrap.bundle.min.js
<- 200 GET /sso/lib/xyz.bundle.min.js
-> GET /images/common/logos/ibkr/interactive-brokers.svg
-> GET /fonts/proxima-nova/Proxima-Nova-Regular.woff2
-> GET /fonts/fontawesome-6.4.2/webfonts/fa-solid-900.woff2
<- 200 GET /images/common/logos/ibkr/interactive-brokers.svg
<- 200 GET /fonts/proxima-nova/Proxima-Nova-Regular.woff2
<- 200 GET /fonts/fontawesome-6.4.2/webfonts/fa-solid-900.woff2
-> POST /sso/report
-> POST /portal.proxy/v1/gstat/bulletins
-> GET /fonts/fontawesome-6.4.2/webfonts/fa-brands-400.woff2
-> GET /fonts/proxima-nova/Proxima-Nova-Semibold.woff2
<- 200 GET /fonts/fontawesome-6.4.2/webfonts/fa-brands-400.woff2
<- 200 GET /fonts/proxima-nova/Proxima-Nova-Semibold.woff2
-> GET /images/web/favicons/home-screen-icon-128x128.png
<- 200 GET /images/web/favicons/home-screen-icon-128x128.png
<- 200 POST /portal.proxy/v1/gstat/bulletins
-> GET /fonts/proxima-nova/proximanova-extrabold.woff2
<- 200 GET /fonts/proxima-nova/proximanova-extrabold.woff2
<- 200 POST /sso/report
-> GET /images/common/logos/ibkr/interactive-brokers-inverse.svg
<- 200 GET /images/common/logos/ibkr/interactive-brokers-inverse.svg
-> POST /sso/Authenticator
<- 200 POST /sso/Authenticator
-> POST /sso/Authenticator
<- 200 POST /sso/Authenticator
-> POST /sso/Dispatcher
<- 302 POST /sso/Dispatcher
-> request: /v1/api/sso/validate?gw=1
-> GET /v1/api/sso/validate?gw=1,200|198ms
-> request: /v1/api/one/user
-> request: /v1/api/ssodh/init
-> sso GET https://api.ibkr.com/v1/api/ssodh/init
-> GET /v1/api/one/user,200|58ms
-> request: /v1/api/ssodh/st
-> sso GET https://api.ibkr.com/v1/api/ssodh/st
-> request: /sso/Authenticator?ACTION=PUBLISH_TST&RESP_TYPE=JSON&DEVICE_ID=3a632b77|82-6D-B5-9B-C5-64
-> sso GET https://api.ibkr.com/sso/Authenticator?ACTION=PUBLISH_TST&RESP_TYPE=JSON&DEVICE_ID=3a632b77|82-6D-B5-9B-C5-64
<- 200 GET https://api.ibkr.com/sso/Authenticator?ACTION=PUBLISH_TST&RESP_TYPE=JSON&DEVICE_ID=3a632b77|82-6D-B5-9B-C5-64 0
-> GET /v1/api/iserver/auth/status
<- 200 GET /v1/api/iserver/auth/status
-> request: /v1/api/iserver/auth/status
-> GET /v1/api/iserver/auth/status,200|64ms
-> request: /v1/api/iserver/accounts
-> GET /v1/api/iserver/accounts,200|56ms
-> GET /v1/api/tickle
<- 200 GET /v1/api/tickle
-> GET /v1/api/trsrv/futures?symbols=CL
<- 200 GET /v1/api/trsrv/futures?symbols=CL
-> GET /v1/api/trsrv/futures?symbols=NG
<- 200 GET /v1/api/trsrv/futures?symbols=NG
-> GET /v1/api/iserver/auth/status
<- 200 GET /v1/api/iserver/auth/status
-> GET /sso/Login?forwardTo=22&RL=1&ip2loc=US
<- 200 GET /sso/Login?forwardTo=22&RL=1&ip2loc=US
-> GET /css/bootstrap-5.2.2/bootstrap.min.css
-> GET /css/fontawesome-6.4.2/all.min.css
-> GET /css/bootstrap-switch-3.3.2/bootstrap-switch.min.css
-> GET /css/reg-am/login.min.css
-> GET /css/ibkr/theme-ibkr-portal.min.css
-> GET /scripts/common/js/jquery-3.7.0/jquery.min.js
<- 200 GET /css/fontawesome-6.4.2/all.min.css
-> GET /scripts/common/js/bootstrap-5.2.2/bootstrap.bundle.min.js
<- 200 GET /scripts/common/js/jquery-3.7.0/jquery.min.js
-> GET /sso/lib/xyz.bundle.min.js
<- 200 GET /scripts/common/js/bootstrap-5.2.2/bootstrap.bundle.min.js
<- 200 GET /css/ibkr/theme-ibkr-portal.min.css
<- 200 GET /css/bootstrap-5.2.2/bootstrap.min.css
<- 200 GET /sso/lib/xyz.bundle.min.js
<- 200 GET /css/bootstrap-switch-3.3.2/bootstrap-switch.min.css
<- 200 GET /css/reg-am/login.min.css
-> GET /images/common/logos/ibkr/interactive-brokers.svg
-> GET /fonts/proxima-nova/Proxima-Nova-Regular.woff2
-> GET /fonts/fontawesome-6.4.2/webfonts/fa-brands-400.woff2
-> GET /fonts/fontawesome-6.4.2/webfonts/fa-solid-900.woff2
-> GET /fonts/proxima-nova/Proxima-Nova-Semibold.woff2
<- 200 GET /images/common/logos/ibkr/interactive-brokers.svg
-> POST /sso/report
-> POST /portal.proxy/v1/gstat/bulletins
<- 200 GET /fonts/proxima-nova/Proxima-Nova-Regular.woff2
<- 200 GET /fonts/fontawesome-6.4.2/webfonts/fa-solid-900.woff2
<- 200 GET /fonts/proxima-nova/Proxima-Nova-Semibold.woff2
<- 200 GET /fonts/fontawesome-6.4.2/webfonts/fa-brands-400.woff2
-> GET /images/web/favicons/home-screen-icon-128x128.png
<- 200 POST /portal.proxy/v1/gstat/bulletins
-> GET /fonts/proxima-nova/proximanova-extrabold.woff2
<- 200 GET /images/web/favicons/home-screen-icon-128x128.png
<- 200 GET /fonts/proxima-nova/proximanova-extrabold.woff2
<- 200 POST /sso/report
-> GET /images/common/logos/ibkr/interactive-brokers-inverse.svg
<- 200 GET /images/common/logos/ibkr/interactive-brokers-inverse.svg
-> POST /sso/Authenticator
<- 200 POST /sso/Authenticator
-> POST /sso/Authenticator
<- 200 POST /sso/Authenticator
-> POST /sso/Dispatcher
<- 302 POST /sso/Dispatcher
-> request: /v1/api/sso/validate?gw=1
-> GET /v1/api/sso/validate?gw=1,200|196ms
-> request: /v1/api/one/user
-> request: /v1/api/ssodh/init
-> sso GET https://api.ibkr.com/v1/api/ssodh/init
-> GET /v1/api/one/user,200|327ms
-> request: /v1/api/ssodh/st
-> sso GET https://api.ibkr.com/v1/api/ssodh/st
-> request: /sso/Authenticator?ACTION=PUBLISH_TST&RESP_TYPE=JSON&DEVICE_ID=37d84f84|82-6D-B5-9B-C5-64
-> sso GET https://api.ibkr.com/sso/Authenticator?ACTION=PUBLISH_TST&RESP_TYPE=JSON&DEVICE_ID=37d84f84|82-6D-B5-9B-C5-64
<- 200 GET https://api.ibkr.com/sso/Authenticator?ACTION=PUBLISH_TST&RESP_TYPE=JSON&DEVICE_ID=37d84f84|82-6D-B5-9B-C5-64 0
-> GET /v1/api/iserver/auth/status
<- 200 GET /v1/api/iserver/auth/status
-> request: /v1/api/iserver/auth/status
-> GET /v1/api/iserver/auth/status,200|299ms
-> request: /v1/api/iserver/accounts
-> GET /v1/api/iserver/accounts,200|275ms
